<?xml version="1.0" encoding="UTF-8"?>
<testng-results ignored="0" total="5" passed="5" failed="0" skipped="0">
  <reporter-output>
  </reporter-output>
  <suite started-at="2022-10-24T09:42:49 IST" name="Automation Suite" finished-at="2022-10-24T09:43:13 IST" duration-ms="24309">
    <groups>
    </groups>
    <test started-at="2022-10-24T09:42:49 IST" name="Register demo test case" finished-at="2022-10-24T09:43:13 IST" duration-ms="24309">
      <class name="endtoendtestcase.RegisterDemo">
        <test-method signature="launchApplication()[pri:1, instance:endtoendtestcase.RegisterDemo@729d991e]" started-at="2022-10-24T09:42:49 IST" name="launchApplication" finished-at="2022-10-24T09:42:58 IST" duration-ms="9520" status="PASS">
          <reporter-output>
          </reporter-output>
        </test-method> <!-- launchApplication -->
        <test-method signature="navigateRegisterPage()[pri:2, instance:endtoendtestcase.RegisterDemo@729d991e]" started-at="2022-10-24T09:42:58 IST" name="navigateRegisterPage" finished-at="2022-10-24T09:43:02 IST" duration-ms="4063" status="PASS">
          <reporter-output>
          </reporter-output>
        </test-method> <!-- navigateRegisterPage -->
        <test-method signature="registerUser()[pri:3, instance:endtoendtestcase.RegisterDemo@729d991e]" started-at="2022-10-24T09:43:02 IST" name="registerUser" finished-at="2022-10-24T09:43:12 IST" duration-ms="9144" status="PASS">
          <reporter-output>
          </reporter-output>
        </test-method> <!-- registerUser -->
        <test-method signature="validatemsg()[pri:4, instance:endtoendtestcase.RegisterDemo@729d991e]" started-at="2022-10-24T09:43:12 IST" name="validatemsg" finished-at="2022-10-24T09:43:12 IST" duration-ms="123" status="PASS">
          <reporter-output>
          </reporter-output>
        </test-method> <!-- validatemsg -->
        <test-method signature="closeApplication()[pri:5, instance:endtoendtestcase.RegisterDemo@729d991e]" started-at="2022-10-24T09:43:12 IST" name="closeApplication" finished-at="2022-10-24T09:43:13 IST" duration-ms="1335" status="PASS">
          <reporter-output>
          </reporter-output>
        </test-method> <!-- closeApplication -->
      </class> <!-- endtoendtestcase.RegisterDemo -->
    </test> <!-- Register demo test case -->
  </suite> <!-- Automation Suite -->
</testng-results>
