<?xml version="1.0" encoding="UTF-8"?>
<!-- Generated by org.testng.reporters.JUnitXMLReporter -->
<testsuite ignored="0" hostname="DESKTOP-9HFU155" failures="0" tests="5" name="Default test" time="22.68" errors="0" timestamp="2022-10-24T09:39:08 IST">
  <testcase classname="endtoendtestcase.RegisterDemo" name="launchApplication" time="8.178"/>
  <testcase classname="endtoendtestcase.RegisterDemo" name="navigateRegisterPage" time="4.973"/>
  <testcase classname="endtoendtestcase.RegisterDemo" name="registerUser" time="7.687"/>
  <testcase classname="endtoendtestcase.RegisterDemo" name="validatemsg" time="0.456"/>
  <testcase classname="endtoendtestcase.RegisterDemo" name="closeApplication" time="1.223"/>
</testsuite> <!-- Default test -->
