<?xml version="1.0" encoding="UTF-8"?>
<!-- Generated by org.testng.reporters.JUnitXMLReporter -->
<testsuite ignored="0" hostname="DESKTOP-9HFU155" failures="0" tests="5" name="Register demo test case" time="24.309" errors="0" timestamp="2022-10-24T09:43:13 IST">
  <testcase classname="endtoendtestcase.RegisterDemo" name="launchApplication" time="9.52"/>
  <testcase classname="endtoendtestcase.RegisterDemo" name="navigateRegisterPage" time="4.063"/>
  <testcase classname="endtoendtestcase.RegisterDemo" name="registerUser" time="9.144"/>
  <testcase classname="endtoendtestcase.RegisterDemo" name="validatemsg" time="0.123"/>
  <testcase classname="endtoendtestcase.RegisterDemo" name="closeApplication" time="1.335"/>
</testsuite> <!-- Register demo test case -->
